<?xml version="1.0" encoding="UTF-8"?>
<!-- Generated by org.testng.reporters.JUnitXMLReporter -->
<testsuite ignored="0" hostname="DESKTOP-PF9QDE4" failures="0" tests="4" name="GRP-User" time="0.123" errors="0" timestamp="2025-03-11T20:10:09 IST">
  <testcase classname="First_Project.Grouping_Demo" name="test1" time="0.018"/>
  <testcase classname="First_Project.Grouping_Demo" name="test2" time="0.003"/>
  <testcase classname="First_Project.Grouping_Demo" name="test3" time="0.004"/>
  <testcase classname="First_Project.Grouping_Demo" name="test4" time="0.003"/>
</testsuite> <!-- GRP-User -->
