<?xml version="1.0" encoding="UTF-8"?>
<!-- Generated by org.testng.reporters.JUnitXMLReporter -->
<testsuite ignored="3" hostname="DESKTOP-PF9QDE4" failures="0" tests="1" name="GRP-Functional" time="0.09" errors="0" timestamp="2025-03-11T20:04:25 IST">
  <testcase classname="First_Project.Grouping_Demo" name="test4" time="0.016"/>
  <testcase classname="First_Project.Grouping_Demo" name="test2" time="0.0">
    <ignored/>
  </testcase> <!-- test2 -->
  <testcase classname="First_Project.Grouping_Demo" name="test3" time="0.0">
    <ignored/>
  </testcase> <!-- test3 -->
  <testcase classname="First_Project.Grouping_Demo" name="test1" time="0.0">
    <ignored/>
  </testcase> <!-- test1 -->
</testsuite> <!-- GRP-Functional -->
