<?xml version="1.0" encoding="UTF-8"?>
<!-- Generated by org.testng.reporters.JUnitXMLReporter -->
<testsuite ignored="2" hostname="DESKTOP-PF9QDE4" failures="0" tests="2" name="GRP-Functional,Regression" time="0.105" errors="0" timestamp="2025-03-11T20:05:32 IST">
  <testcase classname="First_Project.Grouping_Demo" name="test1" time="0.015"/>
  <testcase classname="First_Project.Grouping_Demo" name="test4" time="0.004"/>
  <testcase classname="First_Project.Grouping_Demo" name="test2" time="0.0">
    <ignored/>
  </testcase> <!-- test2 -->
  <testcase classname="First_Project.Grouping_Demo" name="test3" time="0.0">
    <ignored/>
  </testcase> <!-- test3 -->
</testsuite> <!-- GRP-Functional,Regression -->
