<?xml version="1.0" encoding="UTF-8"?>
<!-- Generated by org.testng.reporters.JUnitXMLReporter -->
<testsuite ignored="0" hostname="DESKTOP-PF9QDE4" failures="0" tests="13" name="Functional Testing" time="15.421" errors="0" timestamp="2025-03-11T22:18:42 IST">
  <testcase classname="First_Project.BeforeTestAndAfterTest" name="Test1" time="0.012"/>
  <testcase classname="First_Project.BeforeTestAndAfterTest" name="Test2" time="0.004"/>
  <testcase classname="First_Project.BeforeTestAndAfterTest" name="Test3" time="0.005"/>
  <testcase classname="First_Project.Grouping_Demo" name="test1" time="0.01"/>
  <testcase classname="First_Project.Grouping_Demo" name="test2" time="0.006"/>
  <testcase classname="First_Project.Grouping_Demo" name="test3" time="0.005"/>
  <testcase classname="First_Project.Grouping_Demo" name="test4" time="0.005"/>
  <testcase classname="First_Project.VerifyTitle" name="titleTest" time="15.165"/>
  <testcase classname="First_Project.FirstTest" name="LoginTest" time="0.022"/>
  <testcase classname="First_Project.FirstTest" name="LogoutTest" time="0.002"/>
  <testcase classname="First_Project.BeforeMethod_AfterMethod" name="Test1" time="0.001"/>
  <testcase classname="First_Project.BeforeMethod_AfterMethod" name="Test2" time="0.002"/>
  <testcase classname="First_Project.BeforeMethod_AfterMethod" name="Test3" time="0.005"/>
</testsuite> <!-- Functional Testing -->
